<?xml version="1.0" encoding="UTF-8"?>
<!-- Generated by org.testng.reporters.JUnitReportReporter -->
<testsuite hostname="Hasee-PC" name="com.testerhome.ParameterTest" tests="1" failures="0" timestamp="4 May 2015 06:14:46 GMT" time="4.198" errors="0">
  <testcase name="search" time="4.198" classname="com.testerhome.ParameterTest"/>
</testsuite> <!-- com.testerhome.ParameterTest -->
