<?xml version="1.0" encoding="UTF-8"?>
<!-- Generated by org.testng.reporters.JUnitReportReporter -->
<testsuite hostname="Hasee-PC" name="com.testerhome.test" tests="1" failures="0" timestamp="29 Apr 2015 11:45:45 GMT" time="0.010" errors="0">
  <testcase name="parameterTest" time="0.010" classname="com.testerhome.test"/>
</testsuite> <!-- com.testerhome.test -->
