<?xml version="1.0" encoding="UTF-8"?>
<!-- Generated by org.testng.reporters.JUnitReportReporter -->
<testsuite hostname="Hasee-PC" name="com.testerhome.dataProviderTest" tests="1" failures="0" timestamp="1 May 2015 03:40:39 GMT" time="1.312" errors="0">
  <testcase name="search" time="1.312" classname="com.testerhome.dataProviderTest"/>
</testsuite> <!-- com.testerhome.dataProviderTest -->
