<?xml version="1.0" encoding="UTF-8"?>
<!-- Generated by org.testng.reporters.JUnitReportReporter -->
<testsuite hostname="Hasee-PC" name="com.testerhome.DataProviderTest" tests="1" failures="0" timestamp="4 May 2015 06:47:02 GMT" time="1.887" errors="0">
  <testcase name="search" time="1.887" classname="com.testerhome.DataProviderTest"/>
</testsuite> <!-- com.testerhome.DataProviderTest -->
