<?xml version="1.0" encoding="UTF-8"?>
<!-- Generated by org.testng.reporters.JUnitReportReporter -->
<testsuite hostname="Hasee-PC" name="com.testerhome.DataProviderTest" tests="1" failures="0" timestamp="5 May 2015 06:27:55 GMT" time="3.776" errors="0">
  <testcase name="search" time="3.776" classname="com.testerhome.DataProviderTest"/>
</testsuite> <!-- com.testerhome.DataProviderTest -->
