<?xml version="1.0" encoding="UTF-8"?>
<!-- Generated by org.testng.reporters.JUnitReportReporter -->
<testsuite hostname="Hasee-PC" name="com.testerhome.SimpleTest" tests="1" failures="0" timestamp="4 May 2015 06:14:19 GMT" time="0.012" errors="0">
  <testcase name="parameterTest" time="0.012" classname="com.testerhome.SimpleTest"/>
</testsuite> <!-- com.testerhome.SimpleTest -->
